{"C:\\Users\\fidel\\Desktop\\github-projects\\blog-node\\config\\default.js": {"path":"C:\\Users\\fidel\\Desktop\\github-projects\\blog-node\\config\\default.js","statementMap":{"0":{"start":{"line":3,"column":0},"end":{"line":3,"column":27}},"1":{"start":{"line":5,"column":16},"end":{"line":16,"column":1}}},"fnMap":{},"branchMap":{},"s":{"0":1,"1":1},"f":{},"b":{},"inputSourceMap":null,"_coverageSchema":"1a1c01bbd47fc00a2c39e90264f33305004495a9","hash":"0a707b637cdb736cb540adc4455984de1fab6e27"}
}
